<?xml version="1.0" encoding="UTF-8"?>
<testng-results skipped="0" failed="2" ignored="0" total="2" passed="0">
  <reporter-output>
  </reporter-output>
  <suite name="Default suite" duration-ms="5269" started-at="2024-11-12T21:34:10 IST" finished-at="2024-11-12T21:34:16 IST">
    <groups>
    </groups>
    <test name="Default test" duration-ms="5269" started-at="2024-11-12T21:34:10 IST" finished-at="2024-11-12T21:34:16 IST">
      <class name="nSP.testcases.BookOneWayTicket">
        <test-method status="FAIL" signature="bookOneWayTicket(java.util.Hashtable)[pri:0, instance:nSP.testcases.BookOneWayTicket@86be70a]" name="bookOneWayTicket" duration-ms="2626" started-at="2024-11-12T21:34:11 IST" data-provider="dp" finished-at="2024-11-12T21:34:14 IST">
          <params>
            <param index="0">
              <value>
                <![CDATA[{password=Tosham@10, to=JFK, username=gulati.amit@hotmail.com, promo=aa, phonenumber=9.898989998E9, Nationality=7.0, rDate=12/31/20220, year=20.0, lastname =Kumar, email=amikumar@virtusa.com, passport=ASFER11, pExpmnth=1.0, from=DOH, day=1.0, pExpyear=5.0, firstname=Samit, ContctCountry=3.0, dDate=12/20/22, pExpDay=1.0, rEmail=amikumar@virtusa.com, month=2.0, runmode=Y, title=1.0}]]>
              </value>
            </param>
          </params>
          <exception class="org.openqa.selenium.SessionNotCreatedException">
            <message>
              <![CDATA[session not created: This version of ChromeDriver only supports Chrome version 128
Current browser version is 130.0.6723.117 with binary path C:\Program Files (x86)\Google\Chrome\Application\chrome.exe
Build info: version: '3.141.59', revision: 'e82be7d358', time: '2018-11-14T08:17:03'
System info: host: 'AMIT-LT', ip: '192.168.1.7', os.name: 'Windows 10', os.arch: 'amd64', os.version: '10.0', java.version: '1.8.0_251'
Driver info: driver.version: ChromeDriver
remote stacktrace: GetHandleVerifier [0x00007FF66941B632+29090]
(No symbol) [0x00007FF66938E6E9]
(No symbol) [0x00007FF66924B1CA]
(No symbol) [0x00007FF66928D6B2]
(No symbol) [0x00007FF66928C751]
(No symbol) [0x00007FF66928729C]
(No symbol) [0x00007FF669281E0A]
(No symbol) [0x00007FF6692D236D]
(No symbol) [0x00007FF6692D1A20]
(No symbol) [0x00007FF6692C6493]
(No symbol) [0x00007FF6692909B1]
(No symbol) [0x00007FF669291B11]
GetHandleVerifier [0x00007FF66973881D+3294093]
GetHandleVerifier [0x00007FF669784403+3604339]
GetHandleVerifier [0x00007FF66977A2C7+3563063]
GetHandleVerifier [0x00007FF6694D6F16+797318]
(No symbol) [0x00007FF66939986F]
(No symbol) [0x00007FF669395454]
(No symbol) [0x00007FF6693955E0]
(No symbol) [0x00007FF669384A7F]
BaseThreadInitThunk [0x00007FFD52537374+20]
RtlUserThreadStart [0x00007FFD538BCC91+33]
]]>
            </message>
            <full-stacktrace>
              <![CDATA[org.openqa.selenium.SessionNotCreatedException: session not created: This version of ChromeDriver only supports Chrome version 128
Current browser version is 130.0.6723.117 with binary path C:\Program Files (x86)\Google\Chrome\Application\chrome.exe
Build info: version: '3.141.59', revision: 'e82be7d358', time: '2018-11-14T08:17:03'
System info: host: 'AMIT-LT', ip: '192.168.1.7', os.name: 'Windows 10', os.arch: 'amd64', os.version: '10.0', java.version: '1.8.0_251'
Driver info: driver.version: ChromeDriver
remote stacktrace: GetHandleVerifier [0x00007FF66941B632+29090]
(No symbol) [0x00007FF66938E6E9]
(No symbol) [0x00007FF66924B1CA]
(No symbol) [0x00007FF66928D6B2]
(No symbol) [0x00007FF66928C751]
(No symbol) [0x00007FF66928729C]
(No symbol) [0x00007FF669281E0A]
(No symbol) [0x00007FF6692D236D]
(No symbol) [0x00007FF6692D1A20]
(No symbol) [0x00007FF6692C6493]
(No symbol) [0x00007FF6692909B1]
(No symbol) [0x00007FF669291B11]
GetHandleVerifier [0x00007FF66973881D+3294093]
GetHandleVerifier [0x00007FF669784403+3604339]
GetHandleVerifier [0x00007FF66977A2C7+3563063]
GetHandleVerifier [0x00007FF6694D6F16+797318]
(No symbol) [0x00007FF66939986F]
(No symbol) [0x00007FF669395454]
(No symbol) [0x00007FF6693955E0]
(No symbol) [0x00007FF669384A7F]
BaseThreadInitThunk [0x00007FFD52537374+20]
RtlUserThreadStart [0x00007FFD538BCC91+33]

at sun.reflect.NativeConstructorAccessorImpl.newInstance0(Native Method)
at sun.reflect.NativeConstructorAccessorImpl.newInstance(NativeConstructorAccessorImpl.java:62)
at sun.reflect.DelegatingConstructorAccessorImpl.newInstance(DelegatingConstructorAccessorImpl.java:45)
at java.lang.reflect.Constructor.newInstance(Constructor.java:423)
at org.openqa.selenium.remote.W3CHandshakeResponse.lambda$errorHandler$0(W3CHandshakeResponse.java:62)
at org.openqa.selenium.remote.HandshakeResponse.lambda$getResponseFunction$0(HandshakeResponse.java:30)
at org.openqa.selenium.remote.ProtocolHandshake.lambda$createSession$0(ProtocolHandshake.java:126)
at java.util.stream.ReferencePipeline$3$1.accept(ReferencePipeline.java:193)
at java.util.Spliterators$ArraySpliterator.tryAdvance(Spliterators.java:958)
at java.util.stream.ReferencePipeline.forEachWithCancel(ReferencePipeline.java:126)
at java.util.stream.AbstractPipeline.copyIntoWithCancel(AbstractPipeline.java:499)
at java.util.stream.AbstractPipeline.copyInto(AbstractPipeline.java:486)
at java.util.stream.AbstractPipeline.wrapAndCopyInto(AbstractPipeline.java:472)
at java.util.stream.FindOps$FindOp.evaluateSequential(FindOps.java:152)
at java.util.stream.AbstractPipeline.evaluate(AbstractPipeline.java:234)
at java.util.stream.ReferencePipeline.findFirst(ReferencePipeline.java:464)
at org.openqa.selenium.remote.ProtocolHandshake.createSession(ProtocolHandshake.java:128)
at org.openqa.selenium.remote.ProtocolHandshake.createSession(ProtocolHandshake.java:74)
at org.openqa.selenium.remote.HttpCommandExecutor.execute(HttpCommandExecutor.java:136)
at org.openqa.selenium.remote.service.DriverCommandExecutor.execute(DriverCommandExecutor.java:83)
at org.openqa.selenium.remote.RemoteWebDriver.execute(RemoteWebDriver.java:552)
at org.openqa.selenium.remote.RemoteWebDriver.startSession(RemoteWebDriver.java:213)
at org.openqa.selenium.remote.RemoteWebDriver.<init>(RemoteWebDriver.java:131)
at org.openqa.selenium.chrome.ChromeDriver.<init>(ChromeDriver.java:181)
at org.openqa.selenium.chrome.ChromeDriver.<init>(ChromeDriver.java:168)
at org.openqa.selenium.chrome.ChromeDriver.<init>(ChromeDriver.java:157)
at nSP.base.Page.initConfiguration(Page.java:77)
at nSP.testcases.BookOneWayTicket.bookOneWayTicket(BookOneWayTicket.java:26)
at sun.reflect.NativeMethodAccessorImpl.invoke0(Native Method)
at sun.reflect.NativeMethodAccessorImpl.invoke(NativeMethodAccessorImpl.java:62)
at sun.reflect.DelegatingMethodAccessorImpl.invoke(DelegatingMethodAccessorImpl.java:43)
at java.lang.reflect.Method.invoke(Method.java:498)
at org.testng.internal.MethodInvocationHelper.invokeMethod(MethodInvocationHelper.java:134)
at org.testng.internal.TestInvoker.invokeMethod(TestInvoker.java:597)
at org.testng.internal.TestInvoker.invokeTestMethod(TestInvoker.java:173)
at org.testng.internal.MethodRunner.runInSequence(MethodRunner.java:46)
at org.testng.internal.TestInvoker$MethodInvocationAgent.invoke(TestInvoker.java:816)
at org.testng.internal.TestInvoker.invokeTestMethods(TestInvoker.java:146)
at org.testng.internal.TestMethodWorker.invokeTestMethods(TestMethodWorker.java:146)
at org.testng.internal.TestMethodWorker.run(TestMethodWorker.java:128)
at java.util.ArrayList.forEach(ArrayList.java:1257)
at org.testng.TestRunner.privateRun(TestRunner.java:766)
at org.testng.TestRunner.run(TestRunner.java:587)
at org.testng.SuiteRunner.runTest(SuiteRunner.java:384)
at org.testng.SuiteRunner.runSequentially(SuiteRunner.java:378)
at org.testng.SuiteRunner.privateRun(SuiteRunner.java:337)
at org.testng.SuiteRunner.run(SuiteRunner.java:286)
at org.testng.SuiteRunnerWorker.runSuite(SuiteRunnerWorker.java:53)
at org.testng.SuiteRunnerWorker.run(SuiteRunnerWorker.java:96)
at org.testng.TestNG.runSuitesSequentially(TestNG.java:1187)
at org.testng.TestNG.runSuitesLocally(TestNG.java:1109)
at org.testng.TestNG.runSuites(TestNG.java:1039)
at org.testng.TestNG.run(TestNG.java:1007)
at org.testng.remote.AbstractRemoteTestNG.run(AbstractRemoteTestNG.java:115)
at org.testng.remote.RemoteTestNG.initAndRun(RemoteTestNG.java:251)
at org.testng.remote.RemoteTestNG.main(RemoteTestNG.java:77)
]]>
            </full-stacktrace>
          </exception> <!-- org.openqa.selenium.SessionNotCreatedException -->
          <reporter-output>
          </reporter-output>
        </test-method> <!-- bookOneWayTicket -->
        <test-method status="FAIL" signature="bookOneWayTicket(java.util.Hashtable)[pri:0, instance:nSP.testcases.BookOneWayTicket@86be70a]" name="bookOneWayTicket" duration-ms="1738" started-at="2024-11-12T21:34:14 IST" data-provider="dp" finished-at="2024-11-12T21:34:16 IST">
          <params>
            <param index="0">
              <value>
                <![CDATA[{password=Tosham@10, to=DOH, username=gulati.amit@hotmail.com, promo=11.0, phonenumber=9.898989998E9, Nationality=7.0, rDate=12/31/22, year=20.0, lastname =Kumar, email=amikumar@virtusa.com, passport=ASFER11, pExpmnth=1.0, from=TXL, day=1.0, pExpyear=5.0, firstname=Samit, ContctCountry=3.0, dDate=12/20/22, pExpDay=1.0, rEmail=amikumar@virtusa.com, month=2.0, runmode=Y, title=1.0}]]>
              </value>
            </param>
          </params>
          <exception class="org.openqa.selenium.SessionNotCreatedException">
            <message>
              <![CDATA[session not created: This version of ChromeDriver only supports Chrome version 128
Current browser version is 130.0.6723.117 with binary path C:\Program Files (x86)\Google\Chrome\Application\chrome.exe
Build info: version: '3.141.59', revision: 'e82be7d358', time: '2018-11-14T08:17:03'
System info: host: 'AMIT-LT', ip: '192.168.1.7', os.name: 'Windows 10', os.arch: 'amd64', os.version: '10.0', java.version: '1.8.0_251'
Driver info: driver.version: ChromeDriver
remote stacktrace: GetHandleVerifier [0x00007FF66941B632+29090]
(No symbol) [0x00007FF66938E6E9]
(No symbol) [0x00007FF66924B1CA]
(No symbol) [0x00007FF66928D6B2]
(No symbol) [0x00007FF66928C751]
(No symbol) [0x00007FF66928729C]
(No symbol) [0x00007FF669281E0A]
(No symbol) [0x00007FF6692D236D]
(No symbol) [0x00007FF6692D1A20]
(No symbol) [0x00007FF6692C6493]
(No symbol) [0x00007FF6692909B1]
(No symbol) [0x00007FF669291B11]
GetHandleVerifier [0x00007FF66973881D+3294093]
GetHandleVerifier [0x00007FF669784403+3604339]
GetHandleVerifier [0x00007FF66977A2C7+3563063]
GetHandleVerifier [0x00007FF6694D6F16+797318]
(No symbol) [0x00007FF66939986F]
(No symbol) [0x00007FF669395454]
(No symbol) [0x00007FF6693955E0]
(No symbol) [0x00007FF669384A7F]
BaseThreadInitThunk [0x00007FFD52537374+20]
RtlUserThreadStart [0x00007FFD538BCC91+33]
]]>
            </message>
            <full-stacktrace>
              <![CDATA[org.openqa.selenium.SessionNotCreatedException: session not created: This version of ChromeDriver only supports Chrome version 128
Current browser version is 130.0.6723.117 with binary path C:\Program Files (x86)\Google\Chrome\Application\chrome.exe
Build info: version: '3.141.59', revision: 'e82be7d358', time: '2018-11-14T08:17:03'
System info: host: 'AMIT-LT', ip: '192.168.1.7', os.name: 'Windows 10', os.arch: 'amd64', os.version: '10.0', java.version: '1.8.0_251'
Driver info: driver.version: ChromeDriver
remote stacktrace: GetHandleVerifier [0x00007FF66941B632+29090]
(No symbol) [0x00007FF66938E6E9]
(No symbol) [0x00007FF66924B1CA]
(No symbol) [0x00007FF66928D6B2]
(No symbol) [0x00007FF66928C751]
(No symbol) [0x00007FF66928729C]
(No symbol) [0x00007FF669281E0A]
(No symbol) [0x00007FF6692D236D]
(No symbol) [0x00007FF6692D1A20]
(No symbol) [0x00007FF6692C6493]
(No symbol) [0x00007FF6692909B1]
(No symbol) [0x00007FF669291B11]
GetHandleVerifier [0x00007FF66973881D+3294093]
GetHandleVerifier [0x00007FF669784403+3604339]
GetHandleVerifier [0x00007FF66977A2C7+3563063]
GetHandleVerifier [0x00007FF6694D6F16+797318]
(No symbol) [0x00007FF66939986F]
(No symbol) [0x00007FF669395454]
(No symbol) [0x00007FF6693955E0]
(No symbol) [0x00007FF669384A7F]
BaseThreadInitThunk [0x00007FFD52537374+20]
RtlUserThreadStart [0x00007FFD538BCC91+33]

at sun.reflect.NativeConstructorAccessorImpl.newInstance0(Native Method)
at sun.reflect.NativeConstructorAccessorImpl.newInstance(NativeConstructorAccessorImpl.java:62)
at sun.reflect.DelegatingConstructorAccessorImpl.newInstance(DelegatingConstructorAccessorImpl.java:45)
at java.lang.reflect.Constructor.newInstance(Constructor.java:423)
at org.openqa.selenium.remote.W3CHandshakeResponse.lambda$errorHandler$0(W3CHandshakeResponse.java:62)
at org.openqa.selenium.remote.HandshakeResponse.lambda$getResponseFunction$0(HandshakeResponse.java:30)
at org.openqa.selenium.remote.ProtocolHandshake.lambda$createSession$0(ProtocolHandshake.java:126)
at java.util.stream.ReferencePipeline$3$1.accept(ReferencePipeline.java:193)
at java.util.Spliterators$ArraySpliterator.tryAdvance(Spliterators.java:958)
at java.util.stream.ReferencePipeline.forEachWithCancel(ReferencePipeline.java:126)
at java.util.stream.AbstractPipeline.copyIntoWithCancel(AbstractPipeline.java:499)
at java.util.stream.AbstractPipeline.copyInto(AbstractPipeline.java:486)
at java.util.stream.AbstractPipeline.wrapAndCopyInto(AbstractPipeline.java:472)
at java.util.stream.FindOps$FindOp.evaluateSequential(FindOps.java:152)
at java.util.stream.AbstractPipeline.evaluate(AbstractPipeline.java:234)
at java.util.stream.ReferencePipeline.findFirst(ReferencePipeline.java:464)
at org.openqa.selenium.remote.ProtocolHandshake.createSession(ProtocolHandshake.java:128)
at org.openqa.selenium.remote.ProtocolHandshake.createSession(ProtocolHandshake.java:74)
at org.openqa.selenium.remote.HttpCommandExecutor.execute(HttpCommandExecutor.java:136)
at org.openqa.selenium.remote.service.DriverCommandExecutor.execute(DriverCommandExecutor.java:83)
at org.openqa.selenium.remote.RemoteWebDriver.execute(RemoteWebDriver.java:552)
at org.openqa.selenium.remote.RemoteWebDriver.startSession(RemoteWebDriver.java:213)
at org.openqa.selenium.remote.RemoteWebDriver.<init>(RemoteWebDriver.java:131)
at org.openqa.selenium.chrome.ChromeDriver.<init>(ChromeDriver.java:181)
at org.openqa.selenium.chrome.ChromeDriver.<init>(ChromeDriver.java:168)
at org.openqa.selenium.chrome.ChromeDriver.<init>(ChromeDriver.java:157)
at nSP.base.Page.initConfiguration(Page.java:77)
at nSP.testcases.BookOneWayTicket.bookOneWayTicket(BookOneWayTicket.java:26)
at sun.reflect.NativeMethodAccessorImpl.invoke0(Native Method)
at sun.reflect.NativeMethodAccessorImpl.invoke(NativeMethodAccessorImpl.java:62)
at sun.reflect.DelegatingMethodAccessorImpl.invoke(DelegatingMethodAccessorImpl.java:43)
at java.lang.reflect.Method.invoke(Method.java:498)
at org.testng.internal.MethodInvocationHelper.invokeMethod(MethodInvocationHelper.java:134)
at org.testng.internal.TestInvoker.invokeMethod(TestInvoker.java:597)
at org.testng.internal.TestInvoker.invokeTestMethod(TestInvoker.java:173)
at org.testng.internal.MethodRunner.runInSequence(MethodRunner.java:46)
at org.testng.internal.TestInvoker$MethodInvocationAgent.invoke(TestInvoker.java:816)
at org.testng.internal.TestInvoker.invokeTestMethods(TestInvoker.java:146)
at org.testng.internal.TestMethodWorker.invokeTestMethods(TestMethodWorker.java:146)
at org.testng.internal.TestMethodWorker.run(TestMethodWorker.java:128)
at java.util.ArrayList.forEach(ArrayList.java:1257)
at org.testng.TestRunner.privateRun(TestRunner.java:766)
at org.testng.TestRunner.run(TestRunner.java:587)
at org.testng.SuiteRunner.runTest(SuiteRunner.java:384)
at org.testng.SuiteRunner.runSequentially(SuiteRunner.java:378)
at org.testng.SuiteRunner.privateRun(SuiteRunner.java:337)
at org.testng.SuiteRunner.run(SuiteRunner.java:286)
at org.testng.SuiteRunnerWorker.runSuite(SuiteRunnerWorker.java:53)
at org.testng.SuiteRunnerWorker.run(SuiteRunnerWorker.java:96)
at org.testng.TestNG.runSuitesSequentially(TestNG.java:1187)
at org.testng.TestNG.runSuitesLocally(TestNG.java:1109)
at org.testng.TestNG.runSuites(TestNG.java:1039)
at org.testng.TestNG.run(TestNG.java:1007)
at org.testng.remote.AbstractRemoteTestNG.run(AbstractRemoteTestNG.java:115)
at org.testng.remote.RemoteTestNG.initAndRun(RemoteTestNG.java:251)
at org.testng.remote.RemoteTestNG.main(RemoteTestNG.java:77)
]]>
            </full-stacktrace>
          </exception> <!-- org.openqa.selenium.SessionNotCreatedException -->
          <reporter-output>
          </reporter-output>
        </test-method> <!-- bookOneWayTicket -->
      </class> <!-- nSP.testcases.BookOneWayTicket -->
    </test> <!-- Default test -->
  </suite> <!-- Default suite -->
</testng-results>
